15:29:11:293  INFO 3920 --- [main] com.hmall.pay.PayApplication             : Starting PayApplication using Java 17.0.11 on Jiuzhou with PID 3920 (D:\java_project\project05_hmall\hmall\pay-service\target\classes started by Jiuzhou in D:\java_project\project05_hmall\hmall)
15:29:11:297 DEBUG 3920 --- [main] com.hmall.pay.PayApplication             : Running with Spring Boot v2.7.12, Spring v5.3.27
15:29:11:297  INFO 3920 --- [main] com.hmall.pay.PayApplication             : The following 1 profile is active: "local"
15:29:12:481  INFO 3920 --- [main] o.s.cloud.context.scope.GenericScope     : BeanFactory id=430c7460-2c0d-3d12-aaa2-4021dd0966fc
15:29:12:799  INFO 3920 --- [main] o.s.b.w.embedded.tomcat.TomcatWebServer  : Tomcat initialized with port(s): 8086 (http)
15:29:12:811  INFO 3920 --- [main] o.apache.catalina.core.StandardService   : Starting service [Tomcat]
15:29:12:811  INFO 3920 --- [main] org.apache.catalina.core.StandardEngine  : Starting Servlet engine: [Apache Tomcat/9.0.75]
15:29:12:974  INFO 3920 --- [main] o.a.c.c.C.[Tomcat].[localhost].[/]       : Initializing Spring embedded WebApplicationContext
15:29:12:975  INFO 3920 --- [main] w.s.c.ServletWebServerApplicationContext : Root WebApplicationContext: initialization completed in 1629 ms
15:29:13:153  INFO 3920 --- [main] o.s.c.openfeign.FeignClientFactoryBean   : For 'user-service' URL not provided. Will try picking an instance via load-balancing.
15:29:13:383  INFO 3920 --- [main] o.s.c.openfeign.FeignClientFactoryBean   : For 'trade-client' URL not provided. Will try picking an instance via load-balancing.
15:29:15:460  INFO 3920 --- [main] o.s.cloud.commons.util.InetUtils         : Cannot determine local hostname
15:29:15:480  INFO 3920 --- [main] pertySourcedRequestMappingHandlerMapping : Mapped URL path [/v2/api-docs] onto method [springfox.documentation.swagger2.web.Swagger2ControllerWebMvc#getDocumentation(String, HttpServletRequest)]
15:29:16:660  INFO 3920 --- [main] o.s.cloud.commons.util.InetUtils         : Cannot determine local hostname
15:29:16:806  INFO 3920 --- [main] com.alibaba.nacos.common.remote.client   : [RpcClientFactory] create a new rpc client of 66ee47cc-a0cb-4f0a-910e-49c438ddb7c0
15:29:16:867  INFO 3920 --- [main] org.reflections.Reflections              : Reflections took 42 ms to scan 1 urls, producing 3 keys and 6 values 
15:29:16:899  INFO 3920 --- [main] org.reflections.Reflections              : Reflections took 9 ms to scan 1 urls, producing 4 keys and 9 values 
15:29:16:906  INFO 3920 --- [main] org.reflections.Reflections              : Reflections took 4 ms to scan 1 urls, producing 3 keys and 10 values 
15:29:16:909  WARN 3920 --- [main] org.reflections.Reflections              : given scan urls are empty. set urls in the configuration
15:29:16:918  INFO 3920 --- [main] org.reflections.Reflections              : Reflections took 8 ms to scan 1 urls, producing 1 keys and 5 values 
15:29:16:929  INFO 3920 --- [main] org.reflections.Reflections              : Reflections took 7 ms to scan 1 urls, producing 1 keys and 7 values 
15:29:16:936  INFO 3920 --- [main] org.reflections.Reflections              : Reflections took 5 ms to scan 1 urls, producing 2 keys and 8 values 
15:29:16:939  WARN 3920 --- [main] org.reflections.Reflections              : given scan urls are empty. set urls in the configuration
15:29:16:940  INFO 3920 --- [main] com.alibaba.nacos.common.remote.client   : [66ee47cc-a0cb-4f0a-910e-49c438ddb7c0] RpcClient init label, labels = {module=naming, source=sdk}
15:29:16:943  INFO 3920 --- [main] com.alibaba.nacos.common.remote.client   : [66ee47cc-a0cb-4f0a-910e-49c438ddb7c0] RpcClient init, ServerListFactory = com.alibaba.nacos.client.naming.core.ServerListManager
15:29:16:943  INFO 3920 --- [main] com.alibaba.nacos.common.remote.client   : [66ee47cc-a0cb-4f0a-910e-49c438ddb7c0] Registry connection listener to current client:com.alibaba.nacos.client.naming.remote.gprc.redo.NamingGrpcRedoService
15:29:16:944  INFO 3920 --- [main] com.alibaba.nacos.common.remote.client   : [66ee47cc-a0cb-4f0a-910e-49c438ddb7c0] Register server push request handler:com.alibaba.nacos.client.naming.remote.gprc.NamingPushRequestHandler
15:29:16:946  INFO 3920 --- [main] com.alibaba.nacos.common.remote.client   : [66ee47cc-a0cb-4f0a-910e-49c438ddb7c0] Try to connect to server on start up, server: {serverIp = '47.99.115.105', server main port = 8848}
15:29:17:841  INFO 3920 --- [main] com.alibaba.nacos.common.remote.client   : [66ee47cc-a0cb-4f0a-910e-49c438ddb7c0] Success to connect to server [47.99.115.105:8848] on start up, connectionId = 1728372554352_112.64.195.55_60294
15:29:17:842  INFO 3920 --- [com.alibaba.nacos.client.remote.worker] com.alibaba.nacos.common.remote.client   : [66ee47cc-a0cb-4f0a-910e-49c438ddb7c0] Notify connected event to listeners.
15:29:17:842  INFO 3920 --- [main] com.alibaba.nacos.common.remote.client   : [66ee47cc-a0cb-4f0a-910e-49c438ddb7c0] Register server push request handler:com.alibaba.nacos.common.remote.client.RpcClient$ConnectResetRequestHandler
15:29:17:843  INFO 3920 --- [main] com.alibaba.nacos.common.remote.client   : [66ee47cc-a0cb-4f0a-910e-49c438ddb7c0] Register server push request handler:com.alibaba.nacos.common.remote.client.RpcClient$$Lambda$1002/0x0000028fc96fca80
15:29:17:922  INFO 3920 --- [main] o.s.b.w.embedded.tomcat.TomcatWebServer  : Tomcat started on port(s): 8086 (http) with context path ''
15:29:17:963  INFO 3920 --- [main] c.a.c.n.registry.NacosServiceRegistry    : nacos registry, DEFAULT_GROUP pay-service 192.168.217.1:8086 register finished
15:29:18:455  INFO 3920 --- [nacos-grpc-client-executor-9] com.alibaba.nacos.common.remote.client   : [66ee47cc-a0cb-4f0a-910e-49c438ddb7c0] Receive server push request, request = NotifySubscriberRequest, requestId = 54
15:29:18:457  INFO 3920 --- [nacos-grpc-client-executor-9] com.alibaba.nacos.common.remote.client   : [66ee47cc-a0cb-4f0a-910e-49c438ddb7c0] Ack server push request, request = NotifySubscriberRequest, requestId = 54
15:29:19:171  INFO 3920 --- [main] o.s.cloud.commons.util.InetUtils         : Cannot determine local hostname
15:29:19:172  INFO 3920 --- [main] d.s.w.p.DocumentationPluginsBootstrapper : Documentation plugins bootstrapped
15:29:19:175  INFO 3920 --- [main] d.s.w.p.DocumentationPluginsBootstrapper : Found 1 custom documentation plugin(s)
15:29:19:192  INFO 3920 --- [main] s.d.s.w.s.ApiListingReferenceScanner     : Scanning for api listing references
15:29:19:260  INFO 3920 --- [main] com.hmall.pay.PayApplication             : Started PayApplication in 9.617 seconds (JVM running for 10.457)
18:16:42:113  INFO 3920 --- [nacos-grpc-client-executor-1675] com.alibaba.nacos.common.remote.client   : [66ee47cc-a0cb-4f0a-910e-49c438ddb7c0] Receive server push request, request = ClientDetectionRequest, requestId = 73
18:16:42:117  INFO 3920 --- [nacos-grpc-client-executor-1675] com.alibaba.nacos.common.remote.client   : [66ee47cc-a0cb-4f0a-910e-49c438ddb7c0] Ack server push request, request = ClientDetectionRequest, requestId = 73
18:16:42:124 ERROR 3920 --- [nacos-grpc-client-executor-1675] c.a.n.c.remote.client.grpc.GrpcClient    : [1728372554352_112.64.195.55_60294]Request stream onCompleted, switch server
18:16:42:125  INFO 3920 --- [com.alibaba.nacos.client.remote.worker] com.alibaba.nacos.common.remote.client   : [66ee47cc-a0cb-4f0a-910e-49c438ddb7c0] Try to reconnect to a new server, server is  not appointed, will choose a random server.
18:16:45:155 ERROR 3920 --- [com.alibaba.nacos.client.remote.worker] c.a.n.c.remote.client.grpc.GrpcClient    : Server check fail, please check server 47.99.115.105 ,port 9848 is available , error ={}

java.util.concurrent.TimeoutException: Waited 3000 milliseconds (plus 3 milliseconds, 503301 nanoseconds delay) for com.alibaba.nacos.shaded.io.grpc.stub.ClientCalls$GrpcFuture@484729eb[status=PENDING, info=[GrpcFuture{clientCall={delegate={delegate=ClientCallImpl{method=MethodDescriptor{fullMethodName=Request/request, type=UNARY, idempotent=false, safe=false, sampledToLocalTracing=true, requestMarshaller=com.alibaba.nacos.shaded.io.grpc.protobuf.lite.ProtoLiteUtils$MessageMarshaller@dcd628f, responseMarshaller=com.alibaba.nacos.shaded.io.grpc.protobuf.lite.ProtoLiteUtils$MessageMarshaller@7997c9a3, schemaDescriptor=com.alibaba.nacos.api.grpc.auto.RequestGrpc$RequestMethodDescriptorSupplier@86eaf0b}}}}}]]
	at com.alibaba.nacos.shaded.com.google.common.util.concurrent.AbstractFuture.get(AbstractFuture.java:508) ~[nacos-client-2.0.4.jar:na]
	at com.alibaba.nacos.common.remote.client.grpc.GrpcClient.serverCheck(GrpcClient.java:148) ~[nacos-client-2.0.4.jar:na]
	at com.alibaba.nacos.common.remote.client.grpc.GrpcClient.connectToServer(GrpcClient.java:264) ~[nacos-client-2.0.4.jar:na]
	at com.alibaba.nacos.common.remote.client.RpcClient.reconnect(RpcClient.java:522) ~[nacos-client-2.0.4.jar:na]
	at com.alibaba.nacos.common.remote.client.RpcClient.lambda$start$2(RpcClient.java:370) ~[nacos-client-2.0.4.jar:na]
	at java.base/java.util.concurrent.Executors$RunnableAdapter.call(Executors.java:539) ~[na:na]
	at java.base/java.util.concurrent.FutureTask.run(FutureTask.java:264) ~[na:na]
	at java.base/java.util.concurrent.ScheduledThreadPoolExecutor$ScheduledFutureTask.run(ScheduledThreadPoolExecutor.java:304) ~[na:na]
	at java.base/java.util.concurrent.ThreadPoolExecutor.runWorker(ThreadPoolExecutor.java:1136) ~[na:na]
	at java.base/java.util.concurrent.ThreadPoolExecutor$Worker.run(ThreadPoolExecutor.java:635) ~[na:na]
	at java.base/java.lang.Thread.run(Thread.java:842) ~[na:na]

18:16:45:489  INFO 3920 --- [com.alibaba.nacos.client.remote.worker] com.alibaba.nacos.common.remote.client   : [66ee47cc-a0cb-4f0a-910e-49c438ddb7c0] Success to connect a server [47.99.115.105:8848], connectionId = 1728382601963_112.64.195.55_60394
18:16:45:489  INFO 3920 --- [com.alibaba.nacos.client.remote.worker] com.alibaba.nacos.common.remote.client   : [66ee47cc-a0cb-4f0a-910e-49c438ddb7c0] Abandon prev connection, server is 47.99.115.105:8848, connectionId is 1728372554352_112.64.195.55_60294
18:16:45:489  INFO 3920 --- [com.alibaba.nacos.client.remote.worker] com.alibaba.nacos.common.remote.client   : Close current connection 1728372554352_112.64.195.55_60294
18:16:45:490  INFO 3920 --- [com.alibaba.nacos.client.remote.worker] com.alibaba.nacos.common.remote.client   : [66ee47cc-a0cb-4f0a-910e-49c438ddb7c0] Notify disconnected event to listeners
18:16:45:492  INFO 3920 --- [com.alibaba.nacos.client.remote.worker] com.alibaba.nacos.common.remote.client   : [66ee47cc-a0cb-4f0a-910e-49c438ddb7c0] Notify connected event to listeners.
18:16:47:394  INFO 3920 --- [nacos-grpc-client-executor-1682] com.alibaba.nacos.common.remote.client   : [66ee47cc-a0cb-4f0a-910e-49c438ddb7c0] Receive server push request, request = NotifySubscriberRequest, requestId = 85
18:16:47:394  INFO 3920 --- [nacos-grpc-client-executor-1682] com.alibaba.nacos.common.remote.client   : [66ee47cc-a0cb-4f0a-910e-49c438ddb7c0] Ack server push request, request = NotifySubscriberRequest, requestId = 85
18:20:49:970  INFO 3920 --- [com.alibaba.nacos.client.remote.worker] com.alibaba.nacos.common.remote.client   : [66ee47cc-a0cb-4f0a-910e-49c438ddb7c0] Server healthy check fail, currentConnection = 1728382601963_112.64.195.55_60394
18:20:49:971  INFO 3920 --- [com.alibaba.nacos.client.remote.worker] com.alibaba.nacos.common.remote.client   : [66ee47cc-a0cb-4f0a-910e-49c438ddb7c0] Try to reconnect to a new server, server is  not appointed, will choose a random server.
18:20:50:158  INFO 3920 --- [com.alibaba.nacos.client.remote.worker] com.alibaba.nacos.common.remote.client   : [66ee47cc-a0cb-4f0a-910e-49c438ddb7c0] Success to connect a server [47.99.115.105:8848], connectionId = 1728382846658_112.64.195.55_58303
18:20:50:158  INFO 3920 --- [com.alibaba.nacos.client.remote.worker] com.alibaba.nacos.common.remote.client   : [66ee47cc-a0cb-4f0a-910e-49c438ddb7c0] Abandon prev connection, server is 47.99.115.105:8848, connectionId is 1728382601963_112.64.195.55_60394
18:20:50:159  INFO 3920 --- [com.alibaba.nacos.client.remote.worker] com.alibaba.nacos.common.remote.client   : Close current connection 1728382601963_112.64.195.55_60394
18:20:50:159  INFO 3920 --- [com.alibaba.nacos.client.remote.worker] com.alibaba.nacos.common.remote.client   : [66ee47cc-a0cb-4f0a-910e-49c438ddb7c0] Notify disconnected event to listeners
18:20:50:160  INFO 3920 --- [com.alibaba.nacos.client.remote.worker] com.alibaba.nacos.common.remote.client   : [66ee47cc-a0cb-4f0a-910e-49c438ddb7c0] Notify connected event to listeners.
18:20:50:161  WARN 3920 --- [nacos-grpc-client-executor-1723] c.a.n.c.remote.client.grpc.GrpcClient    : [1728382601963_112.64.195.55_60394]Ignore error event,isRunning:true,isAbandon=true
18:20:51:032  INFO 3920 --- [nacos-grpc-client-executor-1727] com.alibaba.nacos.common.remote.client   : [66ee47cc-a0cb-4f0a-910e-49c438ddb7c0] Receive server push request, request = NotifySubscriberRequest, requestId = 104
18:20:51:032  INFO 3920 --- [nacos-grpc-client-executor-1727] com.alibaba.nacos.common.remote.client   : [66ee47cc-a0cb-4f0a-910e-49c438ddb7c0] Ack server push request, request = NotifySubscriberRequest, requestId = 104
19:16:51:105  INFO 3920 --- [com.alibaba.nacos.client.remote.worker] com.alibaba.nacos.common.remote.client   : [66ee47cc-a0cb-4f0a-910e-49c438ddb7c0] Server healthy check fail, currentConnection = 1728382846658_112.64.195.55_58303
19:16:51:106  INFO 3920 --- [com.alibaba.nacos.client.remote.worker] com.alibaba.nacos.common.remote.client   : [66ee47cc-a0cb-4f0a-910e-49c438ddb7c0] Try to reconnect to a new server, server is  not appointed, will choose a random server.
19:16:51:107 ERROR 3920 --- [nacos-grpc-client-executor-2258] c.a.n.c.remote.client.grpc.GrpcClient    : [1728382846658_112.64.195.55_58303]Request stream error, switch server,error={}

com.alibaba.nacos.shaded.io.grpc.StatusRuntimeException: UNAVAILABLE: io exception
	at com.alibaba.nacos.shaded.io.grpc.Status.asRuntimeException(Status.java:533) ~[nacos-client-2.0.4.jar:na]
	at com.alibaba.nacos.shaded.io.grpc.stub.ClientCalls$StreamObserverToCallListenerAdapter.onClose(ClientCalls.java:442) ~[nacos-client-2.0.4.jar:na]
	at com.alibaba.nacos.shaded.io.grpc.PartialForwardingClientCallListener.onClose(PartialForwardingClientCallListener.java:39) ~[nacos-client-2.0.4.jar:na]
	at com.alibaba.nacos.shaded.io.grpc.ForwardingClientCallListener.onClose(ForwardingClientCallListener.java:23) ~[nacos-client-2.0.4.jar:na]
	at com.alibaba.nacos.shaded.io.grpc.ForwardingClientCallListener$SimpleForwardingClientCallListener.onClose(ForwardingClientCallListener.java:40) ~[nacos-client-2.0.4.jar:na]
	at com.alibaba.nacos.shaded.io.grpc.internal.CensusStatsModule$StatsClientInterceptor$1$1.onClose(CensusStatsModule.java:700) ~[nacos-client-2.0.4.jar:na]
	at com.alibaba.nacos.shaded.io.grpc.PartialForwardingClientCallListener.onClose(PartialForwardingClientCallListener.java:39) ~[nacos-client-2.0.4.jar:na]
	at com.alibaba.nacos.shaded.io.grpc.ForwardingClientCallListener.onClose(ForwardingClientCallListener.java:23) ~[nacos-client-2.0.4.jar:na]
	at com.alibaba.nacos.shaded.io.grpc.ForwardingClientCallListener$SimpleForwardingClientCallListener.onClose(ForwardingClientCallListener.java:40) ~[nacos-client-2.0.4.jar:na]
	at com.alibaba.nacos.shaded.io.grpc.internal.CensusTracingModule$TracingClientInterceptor$1$1.onClose(CensusTracingModule.java:399) ~[nacos-client-2.0.4.jar:na]
	at com.alibaba.nacos.shaded.io.grpc.internal.ClientCallImpl.closeObserver(ClientCallImpl.java:510) ~[nacos-client-2.0.4.jar:na]
	at com.alibaba.nacos.shaded.io.grpc.internal.ClientCallImpl.access$300(ClientCallImpl.java:66) ~[nacos-client-2.0.4.jar:na]
	at com.alibaba.nacos.shaded.io.grpc.internal.ClientCallImpl$ClientStreamListenerImpl.close(ClientCallImpl.java:630) ~[nacos-client-2.0.4.jar:na]
	at com.alibaba.nacos.shaded.io.grpc.internal.ClientCallImpl$ClientStreamListenerImpl.access$700(ClientCallImpl.java:518) ~[nacos-client-2.0.4.jar:na]
	at com.alibaba.nacos.shaded.io.grpc.internal.ClientCallImpl$ClientStreamListenerImpl$1StreamClosed.runInternal(ClientCallImpl.java:692) ~[nacos-client-2.0.4.jar:na]
	at com.alibaba.nacos.shaded.io.grpc.internal.ClientCallImpl$ClientStreamListenerImpl$1StreamClosed.runInContext(ClientCallImpl.java:681) ~[nacos-client-2.0.4.jar:na]
	at com.alibaba.nacos.shaded.io.grpc.internal.ContextRunnable.run(ContextRunnable.java:37) ~[nacos-client-2.0.4.jar:na]
	at com.alibaba.nacos.shaded.io.grpc.internal.SerializingExecutor.run(SerializingExecutor.java:123) ~[nacos-client-2.0.4.jar:na]
	at java.base/java.util.concurrent.ThreadPoolExecutor.runWorker(ThreadPoolExecutor.java:1136) ~[na:na]
	at java.base/java.util.concurrent.ThreadPoolExecutor$Worker.run(ThreadPoolExecutor.java:635) ~[na:na]
	at java.base/java.lang.Thread.run(Thread.java:842) ~[na:na]
Caused by: java.net.SocketException: Connection reset
	at java.base/sun.nio.ch.SocketChannelImpl.throwConnectionReset(SocketChannelImpl.java:394) ~[na:na]
	at java.base/sun.nio.ch.SocketChannelImpl.read(SocketChannelImpl.java:426) ~[na:na]
	at com.alibaba.nacos.shaded.io.grpc.netty.shaded.io.netty.buffer.PooledByteBuf.setBytes(PooledByteBuf.java:247) ~[nacos-client-2.0.4.jar:na]
	at com.alibaba.nacos.shaded.io.grpc.netty.shaded.io.netty.buffer.AbstractByteBuf.writeBytes(AbstractByteBuf.java:1140) ~[nacos-client-2.0.4.jar:na]
	at com.alibaba.nacos.shaded.io.grpc.netty.shaded.io.netty.channel.socket.nio.NioSocketChannel.doReadBytes(NioSocketChannel.java:347) ~[nacos-client-2.0.4.jar:na]
	at com.alibaba.nacos.shaded.io.grpc.netty.shaded.io.netty.channel.nio.AbstractNioByteChannel$NioByteUnsafe.read(AbstractNioByteChannel.java:148) ~[nacos-client-2.0.4.jar:na]
	at com.alibaba.nacos.shaded.io.grpc.netty.shaded.io.netty.channel.nio.NioEventLoop.processSelectedKey(NioEventLoop.java:697) ~[nacos-client-2.0.4.jar:na]
	at com.alibaba.nacos.shaded.io.grpc.netty.shaded.io.netty.channel.nio.NioEventLoop.processSelectedKeysOptimized(NioEventLoop.java:632) ~[nacos-client-2.0.4.jar:na]
	at com.alibaba.nacos.shaded.io.grpc.netty.shaded.io.netty.channel.nio.NioEventLoop.processSelectedKeys(NioEventLoop.java:549) ~[nacos-client-2.0.4.jar:na]
	at com.alibaba.nacos.shaded.io.grpc.netty.shaded.io.netty.channel.nio.NioEventLoop.run(NioEventLoop.java:511) ~[nacos-client-2.0.4.jar:na]
	at com.alibaba.nacos.shaded.io.grpc.netty.shaded.io.netty.util.concurrent.SingleThreadEventExecutor$5.run(SingleThreadEventExecutor.java:918) ~[nacos-client-2.0.4.jar:na]
	at com.alibaba.nacos.shaded.io.grpc.netty.shaded.io.netty.util.internal.ThreadExecutorMap$2.run(ThreadExecutorMap.java:74) ~[nacos-client-2.0.4.jar:na]
	at com.alibaba.nacos.shaded.io.grpc.netty.shaded.io.netty.util.concurrent.FastThreadLocalRunnable.run(FastThreadLocalRunnable.java:30) ~[nacos-client-2.0.4.jar:na]
	... 1 common frames omitted

19:16:51:402  INFO 3920 --- [com.alibaba.nacos.client.remote.worker] com.alibaba.nacos.common.remote.client   : [66ee47cc-a0cb-4f0a-910e-49c438ddb7c0] Success to connect a server [47.99.115.105:8848], connectionId = 1728386207845_112.64.195.55_61910
19:16:51:402  INFO 3920 --- [com.alibaba.nacos.client.remote.worker] com.alibaba.nacos.common.remote.client   : [66ee47cc-a0cb-4f0a-910e-49c438ddb7c0] Abandon prev connection, server is 47.99.115.105:8848, connectionId is 1728382846658_112.64.195.55_58303
19:16:51:402  INFO 3920 --- [com.alibaba.nacos.client.remote.worker] com.alibaba.nacos.common.remote.client   : Close current connection 1728382846658_112.64.195.55_58303
19:16:51:403  INFO 3920 --- [com.alibaba.nacos.client.remote.worker] com.alibaba.nacos.common.remote.client   : [66ee47cc-a0cb-4f0a-910e-49c438ddb7c0] Notify disconnected event to listeners
19:16:51:404  INFO 3920 --- [com.alibaba.nacos.client.remote.worker] com.alibaba.nacos.common.remote.client   : [66ee47cc-a0cb-4f0a-910e-49c438ddb7c0] Notify connected event to listeners.
19:16:52:039  INFO 3920 --- [nacos-grpc-client-executor-2265] com.alibaba.nacos.common.remote.client   : [66ee47cc-a0cb-4f0a-910e-49c438ddb7c0] Receive server push request, request = NotifySubscriberRequest, requestId = 124
19:16:52:039  INFO 3920 --- [nacos-grpc-client-executor-2265] com.alibaba.nacos.common.remote.client   : [66ee47cc-a0cb-4f0a-910e-49c438ddb7c0] Ack server push request, request = NotifySubscriberRequest, requestId = 124
20:52:49:199  WARN 3920 --- [Thread-5] c.a.nacos.common.notify.NotifyCenter     : [NotifyCenter] Start destroying Publisher
20:52:49:199  WARN 3920 --- [Thread-8] c.a.n.common.http.HttpClientBeanHolder   : [HttpClientBeanHolder] Start destroying common HttpClient
20:52:49:202  WARN 3920 --- [Thread-5] c.a.nacos.common.notify.NotifyCenter     : [NotifyCenter] Destruction of the end
20:52:49:203  WARN 3920 --- [Thread-8] c.a.n.common.http.HttpClientBeanHolder   : [HttpClientBeanHolder] Destruction of the end
20:52:49:290  INFO 3920 --- [SpringApplicationShutdownHook] c.a.c.n.registry.NacosServiceRegistry    : De-registering from Nacos Server now...
20:52:49:324  INFO 3920 --- [SpringApplicationShutdownHook] c.a.c.n.registry.NacosServiceRegistry    : De-registration finished.
20:52:49:649  INFO 3920 --- [SpringApplicationShutdownHook] com.alibaba.nacos.common.remote.client   : Shutdown rpc client, set status to shutdown
20:52:49:649  INFO 3920 --- [SpringApplicationShutdownHook] com.alibaba.nacos.common.remote.client   : Shutdown client event executor java.util.concurrent.ScheduledThreadPoolExecutor@64495391[Running, pool size = 2, active threads = 2, queued tasks = 0, completed tasks = 0]
20:52:49:649  INFO 3920 --- [SpringApplicationShutdownHook] com.alibaba.nacos.common.remote.client   : Close current connection 1728386207845_112.64.195.55_61910
20:52:49:649  INFO 3920 --- [SpringApplicationShutdownHook] c.a.n.c.remote.client.grpc.GrpcClient    : Shutdown grpc executor java.util.concurrent.ThreadPoolExecutor@380494ec[Running, pool size = 5, active threads = 0, queued tasks = 0, completed tasks = 3416]
